make.exe all --print-data-base --no-builtin-variables --no-builtin-rules --question
make: *** No rule to make target 'all'.  Stop.

# GNU Make 4.3
# Built for Windows32
# Copyright (C) 1988-2020 Free Software Foundation, Inc.
# License GPLv3+: GNU GPL version 3 or later <http://gnu.org/licenses/gpl.html>
# This is free software: you are free to change and redistribute it.
# There is NO WARRANTY, to the extent permitted by law.

# Make data base, printed on Mon May 09 08:37:03 2022

# Variables

# environment
FPS_BROWSER_APP_PROFILE_STRING = Internet Explorer
# environment
SYSTEMDRIVE = C:
# makefile (from 'Makefile', line 31)
OBJ = $(patsubst $(SDIR)/%.c,$(ODIR)/%.o,$(SRC))
# environment
LC_ALL = C
# makefile (from 'Makefile', line 30)
SRC = $(wildcard $(SDIR)/*.c)
# environment
USERPROFILE = C:\Users\User
# environment
VBOX_MSI_INSTALL_PATH = C:\Program Files\Oracle\VirtualBox\
# makefile (from 'Makefile', line 24)
ASSETS_DIR = assets
# environment
LOCALAPPDATA = C:\Users\User\AppData\Local
# environment
VSCODE_IPC_HOOK_EXTHOST = \\.\pipe\vscode-ipc-12c537ab-5afe-4fa5-9f31-ccc3cd282428-sock
# environment
VSCODE_CWD = D:\C\AMAZING
# environment
CHOCOLATEYINSTALL = C:\ProgramData\chocolatey
# environment
SYSTEMROOT = C:\Windows
# makefile (from 'Makefile', line 28)
LIBS = -lopengl32 -lglu32 -lglut32 -lglui32 -lglaux -lwinmm
# environment
PROCESSOR_LEVEL = 25
# environment
PSMODULEPATH = C:\Program Files\WindowsPowerShell\Modules;C:\Windows\system32\WindowsPowerShell\v1.0\Modules
# environment
GNUPLOT_LIB = C:\Program Files\gnuplot\demo;C:\Program Files\gnuplot\demo\games;C:\Program Files\gnuplot\share
# default
MAKE_COMMAND := C:/ProgramData/chocolatey/lib/make/tools/install/bin/make.exe
# automatic
@D = $(patsubst %/,%,$(patsubst %\,%,$(dir $@)))
# environment
CHROME_CRASHPAD_PIPE_NAME = \\.\pipe\crashpad_3036_XJRAWRBDGYYBCRYO
# environment
ONEDRIVECOMMERCIAL = C:\Users\User\OneDrive - BUET
# environment
FPS_BROWSER_USER_PROFILE_STRING = Default
# environment
VSCODE_HANDLES_UNCAUGHT_ERRORS = true
# default
.VARIABLES := 
# automatic
%D = $(patsubst %/,%,$(patsubst %\,%,$(dir $%)))
# automatic
^D = $(patsubst %/,%,$(patsubst %\,%,$(dir $^)))
# environment
VSCODE_LOG_STACK = false
# automatic
%F = $(notdir $%)
# environment
VSCODE_CODE_CACHE_PATH = C:\Users\User\AppData\Roaming\Code\CachedData\57fd6d0195bb9b9d1b49f6da5db789060795de47
# environment
LANG = C
# default
.LOADED := 
# environment
TMP = C:\Users\User\AppData\Local\Temp
# default
.INCLUDE_DIRS = .
# environment
PROCESSOR_ARCHITEW6432 = AMD64
# makefile
MAKEFLAGS = pqrR
# environment
ONEDRIVE = C:\Users\User\OneDrive - BUET
# makefile
CURDIR := d:/C/AMAZING
# environment
VSCODE_PIPE_LOGGING = true
# environment
APPLICATION_INSIGHTS_NO_DIAGNOSTIC_CHANNEL = 1
# automatic
*D = $(patsubst %/,%,$(patsubst %\,%,$(dir $*)))
# environment
PROGRAMFILES = C:\Program Files (x86)
# environment
MFLAGS = -pqrR
# default
.SHELLFLAGS := -c
# environment
COMMONPROGRAMW6432 = C:\Program Files\Common Files
# automatic
+D = $(patsubst %/,%,$(patsubst %\,%,$(dir $+)))
# makefile (from 'Makefile', line 20)
ODIR = obj
# makefile (from 'Makefile', line 1)
MAKEFILE_LIST := Makefile
# automatic
@F = $(notdir $@)
# environment
VSCODE_VERBOSE_LOGGING = true
# environment
VSCODE_PID = 3036
# automatic
?D = $(patsubst %/,%,$(patsubst %\,%,$(dir $?)))
# environment
POSH_THEMES_PATH = C:\Users\User\AppData\Local\Programs\oh-my-posh\themes
# automatic
*F = $(notdir $*)
# makefile (from 'Makefile', line 33)
LIB = $(addprefix $(LDLIBS)/,$(LIBS))
# automatic
<D = $(patsubst %/,%,$(patsubst %\,%,$(dir $<)))
# environment
VSCODE_NLS_CONFIG = {"locale":"en-gb","availableLanguages":{},"_languagePackSupport":true}
# makefile (from 'Makefile', line 23)
IDIR = -Iinclude -IGL/include
# environment
AMDRMPATH = C:\Program Files\AMD\RyzenMaster\
# default
MAKE_HOST := Windows32
# environment
PROGRAMDATA = C:\ProgramData
# default
SHELL := sh.exe
# environment
HOMEPATH = \Users\User
# default
MAKECMDGOALS := all
# environment
DRIVERDATA = C:\Windows\System32\Drivers\DriverData
# makefile (from 'Makefile', line 22)
SDIR = src
# environment
COMSPEC = C:\Windows\system32\cmd.exe
# environment
WINDIR = C:\Windows
# environment
MAKELEVEL := 0
# default
MAKE = $(MAKE_COMMAND)
# makefile (from 'Makefile', line 15)
PATH := C:\Windows\system32;C:\Windows;C:\Windows\System32\Wbem;C:\Windows\System32\WindowsPowerShell\v1.0\;C:\Windows\System32\OpenSSH\;C:\ProgramData\chocolatey\bin;C:\Program Files\Git\cmd;C:\Program Files\gnuplot\bin;C:\Program Files\Neovim\/bin;C:\Windows\system32;C:\Windows;C:\Windows\System32\Wbem;C:\Windows\System32\WindowsPowerShell\v1.0\;C:\Windows\System32\OpenSSH\;C:\Users\User\AppData\Local\Microsoft\WindowsApps;C:\Users\User\AppData\Local\Programs\Microsoft VS Code\bin;C:\Users\User\AppData\Local\Programs\oh-my-posh\bin;C:\global\bin;C:\ProgramData\chocolatey\bin;C:\msys64\mingw64\x86_64-w64-mingw32\bin;C:\Program Files\CMake\bin;C:\msys64\mingw64\bin;;C:\MinGW\MinGW\bin
# environment
COMPUTERNAME = DESKTOP-HJ8UUA1
# default
MAKEFILES := 
# automatic
^F = $(notdir $^)
# environment
PROMPT = $P$G
# makefile (from 'Makefile', line 27)
LDLIBS = -L$(ROOT)/GL/lib
# environment
CHOCOLATEYLASTPATHUPDATE = 132937183204992291
# makefile (from 'Makefile', line 17)
ROOT = "$(realpath .)"
# environment
LOGONSERVER = \\DESKTOP-HJ8UUA1
# makefile (from 'Makefile', line 21)
BDIR = bin
# environment
VSCODE_LOG_NATIVE = false
# environment
USERNAME = User
# environment
COMMONPROGRAMFILES = C:\Program Files (x86)\Common Files
# automatic
 
?F = $(notdir $?)
# environment
PROGRAMW6432 = C:\Program Files
# environment
PATHEXT = .COM;.EXE;.BAT;.CMD;.VBS;.VBE;.JS;.JSE;.WSF;.WSH;.MSC
# automatic
+F = $(notdir $+)
# environment
ORIGINAL_XDG_CURRENT_DESKTOP = undefined
# environment
USERDOMAIN = DESKTOP-HJ8UUA1
# 'override' directive
GNUMAKEFLAGS := 
# environment
OS = Windows_NT
# makefile
.DEFAULT_GOAL := Debug
# default
MAKE_VERSION := 4.3
# environment
PROGRAMFILES(X86) = C:\Program Files (x86)
# environment
USERDOMAIN_ROAMINGPROFILE = DESKTOP-HJ8UUA1
# environment
NUMBER_OF_PROCESSORS = 12
# environment
PUBLIC = C:\Users\Public
# makefile (from 'Makefile', line 32)
BIN = $(addprefix $(BDIR)/,$(TARGET))
# environment
APPDATA = C:\Users\User\AppData\Roaming
# makefile (from 'Makefile', line 12)
CFLAGS = -ansi -O3 -Wall -Wextra -Wpedantic -Wparentheses -Wformat=2 -Wno-unused-parameter -Wshadow -Wwrite-strings -Wstrict-prototypes -Wold-style-definition -Wredundant-decls -Wnested-externs -Wmissing-include-dirs -pedantic-errors -Wuninitialized -Wmissing-declarations -Wconversion -Wdouble-promotion -Wfloat-equal -Wbad-function-cast -Wno-unknown-pragmas -Wno-unused-function  -Wjump-misses-init -Wlogical-op
# environment
HOMEDRIVE = C:
# environment
PROCESSOR_ARCHITECTURE = x86
# environment
VSCODE_AMD_ENTRYPOINT = vs/workbench/api/node/extensionHostProcess
# environment
COMMONPROGRAMFILES(X86) = C:\Program Files (x86)\Common Files
# environment
ELECTRON_RUN_AS_NODE = 1
# environment
TEMP = C:\Users\User\AppData\Local\Temp
# environment
VSCODE_IPC_HOOK = \\.\pipe\ddf78b73f802b4b105ac4da8ec09dfcf-1.67.0-main-sock
# environment
GNUTERM = windows
# default
.RECIPEPREFIX := 
# automatic
<F = $(notdir $<)
# default
SUFFIXES := 
# environment
ALLUSERSPROFILE = C:\ProgramData
# makefile (from 'Makefile', line 26)
TARGET = main.exe
# environment
SESSIONNAME = Console
# default
.FEATURES := target-specific order-only second-expansion else-if shortest-stem undefine oneshell nocomment grouped-target extra-prereqs archives jobserver output-sync load
# environment
PROCESSOR_REVISION = 5000
# makefile (from 'Makefile', line 1)
CC = gcc
# environment
PROCESSOR_IDENTIFIER = AMD64 Family 25 Model 80 Stepping 0, AuthenticAMD
# variable set hash-table stats:
# Load=117/1024=11%, Rehash=0, Collisions=18/156=12%

# Pattern-specific Variable Values

# No pattern-specific variable values.

# Directories

# src (key d:/C/AMAZING/src, mtime 1649606676): 15 files, no impossibilities.
# . (key d:/C/AMAZING, mtime 1649764098): 16 files, no impossibilities.

# 31 files, no impossibilities in 2 directories.

# Implicit Rules

obj/%.o: src/%.c
#  recipe to execute (from 'Makefile', line 38):
	$(CC) -c $< $(CFLAGS) $(IDIR) -o $@ 

# 1 implicit rules, 0 (0.0%) terminal.
# Files

# Not a target:
obj/sprite.o:
#  Implicit rule search has not been done.
#  Modification time never checked.
#  File has not been updated.

# Not a target:
obj/update.o:
#  Implicit rule search has not been done.
#  Modification time never checked.
#  File has not been updated.

# Not a target:
obj/utils.o:
#  Implicit rule search has not been done.
#  Modification time never checked.
#  File has not been updated.

# Not a target:
obj/menu.o:
#  Implicit rule search has not been done.
#  Modification time never checked.
#  File has not been updated.

Debug: obj/event.o obj/iGraphipcs.o obj/main.o obj/maze.o obj/menu.o obj/ray.o obj/render.o obj/setup.o obj/sprite.o obj/update.o obj/utils.o obj/vector.o obj/wall.o
#  Phony target (prerequisite of .PHONY).
#  Implicit rule search has not been done.
#  File does not exist.
#  File has not been updated.
#  recipe to execute (from 'Makefile', line 42):
	$(CC) $^ $(CFLAGS) -o $(BIN) -lgdi32 $(LDLIBS) $(LIBS)
	dir /b "$(ASSETS_DIR)" | findstr "^" >nul && (copy $(ASSETS_DIR)\* $(BDIR)\$(ASSETS_DIR)\ /Y) || (echo no assets yet)

# Not a target:
obj/main.o:
#  Implicit rule search has not been done.
#  Modification time never checked.
#  File has not been updated.

.PRECIOUS: %.o
#  Implicit rule search has not been done.
#  Modification time never checked.
#  File has not been updated.

# Not a target:
obj/ray.o:
#  Implicit rule search has not been done.
#  Modification time never checked.
#  File has not been updated.

# Not a target:
Makefile:
#  Implicit rule search has been done.
#  Last modified 2022-04-10 21:26:27
#  File has been updated.
#  Successfully updated.

# Not a target:
obj/maze.o:
#  Implicit rule search has not been done.
#  Modification time never checked.
#  File has not been updated.

# Not a target:
obj/vector.o:
#  Implicit rule search has not been done.
#  Modification time never checked.
#  File has not been updated.

clean:
#  Phony target (prerequisite of .PHONY).
#  Implicit rule search has not been done.
#  File does not exist.
#  File has not been updated.
#  recipe to execute (from 'Makefile', line 51):
	del $(ODIR) $(BDIR)\$(TARGET) $(BDIR)\$(ASSETS_DIR)

# Not a target:
obj/setup.o:
#  Implicit rule search has not been done.
#  Modification time never checked.
#  File has not been updated.

# Not a target:
.DEFAULT:
#  Implicit rule search has not been done.
#  Modification time never checked.
#  File has not been updated.

# Not a target:
all:
#  Command line target.
#  Implicit rule search has been done.
#  File does not exist.
#  File has not been updated.

# Not a target:
obj/event.o:
#  Implicit rule search has not been done.
#  Modification time never checked.
#  File has not been updated.

run:
#  Phony target (prerequisite of .PHONY).
#  Implicit rule search has not been done.
#  File does not exist.
#  File has not been updated.
#  recipe to execute (from 'Makefile', line 47):
	$(BIN)

# Not a target:
obj/wall.o:
#  Implicit rule search has not been done.
#  Modification time never checked.
#  File has not been updated.

# Not a target:
obj/render.o:
#  Implicit rule search has not been done.
#  Modification time never checked.
#  File has not been updated.

# Not a target:
obj/iGraphipcs.o:
#  Implicit rule search has not been done.
#  Modification time never checked.
#  File has not been updated.

# Not a target:
%.o:
#  Precious file (prerequisite of .PRECIOUS).
#  Implicit rule search has not been done.
#  Modification time never checked.
#  File has not been updated.

.PHONY: Debug run clean
#  Implicit rule search has not been done.
#  Modification time never checked.
#  File has not been updated.

# files hash-table stats:
# Load=23/1024=2%, Rehash=0, Collisions=2/55=4%
# VPATH Search Paths

# No 'vpath' search paths.

# No general ('VPATH' variable) search path.

# strcache buffers: 1 (0) / strings = 53 / storage = 451 B / avg = 8 B
# current buf: size = 8174 B / used = 451 B / count = 53 / avg = 8 B

# strcache performance: lookups = 72 / hit rate = 26%
# hash-table stats:
# Load=53/8192=1%, Rehash=0, Collisions=1/72=1%
# Finished Make data base on Mon May 09 08:37:03 2022

 
